The system is: Linux - 5.15.44-Re4son-v8l+ - aarch64
Compiling the C compiler identification source file "CMakeCCompilerId.c" succeeded.
Compiler: /usr/bin/cc 
Build flags: 
Id flags:  

The output was:
0


Compilation of the C compiler identification source "CMakeCCompilerId.c" produced "a.out"

The C compiler identification is GNU, found in "/home/kali/obdgpslogger/build/CMakeFiles/3.25.1/CompilerIdC/a.out"

Compiling the CXX compiler identification source file "CMakeCXXCompilerId.cpp" succeeded.
Compiler: /usr/bin/c++ 
Build flags: 
Id flags:  

The output was:
0


Compilation of the CXX compiler identification source "CMakeCXXCompilerId.cpp" produced "a.out"

The CXX compiler identification is GNU, found in "/home/kali/obdgpslogger/build/CMakeFiles/3.25.1/CompilerIdCXX/a.out"

Detecting C compiler ABI info compiled with the following output:
Change Dir: /home/kali/obdgpslogger/build/CMakeFiles/CMakeScratch/TryCompile-s88UtB

Run Build Command(s):/usr/bin/gmake -f Makefile cmTC_533c8/fast && /usr/bin/gmake  -f CMakeFiles/cmTC_533c8.dir/build.make CMakeFiles/cmTC_533c8.dir/build
gmake[1]: Entering directory '/home/kali/obdgpslogger/build/CMakeFiles/CMakeScratch/TryCompile-s88UtB'
Building C object CMakeFiles/cmTC_533c8.dir/CMakeCCompilerABI.c.o
/usr/bin/cc   -v -o CMakeFiles/cmTC_533c8.dir/CMakeCCompilerABI.c.o -c /usr/share/cmake-3.25/Modules/CMakeCCompilerABI.c
Using built-in specs.
COLLECT_GCC=/usr/bin/cc
Target: aarch64-linux-gnu
Configured with: ../src/configure -v --with-pkgversion='Debian 12.2.0-14' --with-bugurl=file:///usr/share/doc/gcc-12/README.Bugs --enable-languages=c,ada,c++,go,d,fortran,objc,obj-c++,m2 --prefix=/usr --with-gcc-major-version-only --program-suffix=-12 --program-prefix=aarch64-linux-gnu- --enable-shared --enable-linker-build-id --libexecdir=/usr/lib --without-included-gettext --enable-threads=posix --libdir=/usr/lib --enable-nls --enable-clocale=gnu --enable-libstdcxx-debug --enable-libstdcxx-time=yes --with-default-libstdcxx-abi=new --enable-gnu-unique-object --disable-libquadmath --disable-libquadmath-support --enable-plugin --enable-default-pie --with-system-zlib --enable-libphobos-checking=release --with-target-system-zlib=auto --enable-objc-gc=auto --enable-multiarch --enable-fix-cortex-a53-843419 --disable-werror --enable-checking=release --build=aarch64-linux-gnu --host=aarch64-linux-gnu --target=aarch64-linux-gnu
Thread model: posix
Supported LTO compression algorithms: zlib zstd
gcc version 12.2.0 (Debian 12.2.0-14) 
COLLECT_GCC_OPTIONS='-v' '-o' 'CMakeFiles/cmTC_533c8.dir/CMakeCCompilerABI.c.o' '-c' '-mlittle-endian' '-mabi=lp64' '-dumpdir' 'CMakeFiles/cmTC_533c8.dir/'
 /usr/lib/gcc/aarch64-linux-gnu/12/cc1 -quiet -v -imultiarch aarch64-linux-gnu /usr/share/cmake-3.25/Modules/CMakeCCompilerABI.c -quiet -dumpdir CMakeFiles/cmTC_533c8.dir/ -dumpbase CMakeCCompilerABI.c.c -dumpbase-ext .c -mlittle-endian -mabi=lp64 -version -fasynchronous-unwind-tables -o /tmp/ccKwXYZN.s
GNU C17 (Debian 12.2.0-14) version 12.2.0 (aarch64-linux-gnu)
	compiled by GNU C version 12.2.0, GMP version 6.2.1, MPFR version 4.1.1-p1, MPC version 1.3.1, isl version isl-0.25-GMP

warning: MPFR header version 4.1.1-p1 differs from library version 4.2.0.
GGC heuristics: --param ggc-min-expand=100 --param ggc-min-heapsize=131072
ignoring nonexistent directory "/usr/local/include/aarch64-linux-gnu"
ignoring nonexistent directory "/usr/lib/gcc/aarch64-linux-gnu/12/include-fixed"
ignoring nonexistent directory "/usr/lib/gcc/aarch64-linux-gnu/12/../../../../aarch64-linux-gnu/include"
#include "..." search starts here:
#include <...> search starts here:
 /usr/lib/gcc/aarch64-linux-gnu/12/include
 /usr/local/include
 /usr/include/aarch64-linux-gnu
 /usr/include
End of search list.
GNU C17 (Debian 12.2.0-14) version 12.2.0 (aarch64-linux-gnu)
	compiled by GNU C version 12.2.0, GMP version 6.2.1, MPFR version 4.1.1-p1, MPC version 1.3.1, isl version isl-0.25-GMP

warning: MPFR header version 4.1.1-p1 differs from library version 4.2.0.
GGC heuristics: --param ggc-min-expand=100 --param ggc-min-heapsize=131072
Compiler executable checksum: f1bacec099212325d0da3c77e1f38897
COLLECT_GCC_OPTIONS='-v' '-o' 'CMakeFiles/cmTC_533c8.dir/CMakeCCompilerABI.c.o' '-c' '-mlittle-endian' '-mabi=lp64' '-dumpdir' 'CMakeFiles/cmTC_533c8.dir/'
 as -v -EL -mabi=lp64 -o CMakeFiles/cmTC_533c8.dir/CMakeCCompilerABI.c.o /tmp/ccKwXYZN.s
GNU assembler version 2.40 (aarch64-linux-gnu) using BFD version (GNU Binutils for Debian) 2.40
COMPILER_PATH=/usr/lib/gcc/aarch64-linux-gnu/12/:/usr/lib/gcc/aarch64-linux-gnu/12/:/usr/lib/gcc/aarch64-linux-gnu/:/usr/lib/gcc/aarch64-linux-gnu/12/:/usr/lib/gcc/aarch64-linux-gnu/
LIBRARY_PATH=/usr/lib/gcc/aarch64-linux-gnu/12/:/usr/lib/gcc/aarch64-linux-gnu/12/../../../aarch64-linux-gnu/:/usr/lib/gcc/aarch64-linux-gnu/12/../../../../lib/:/lib/aarch64-linux-gnu/:/lib/../lib/:/usr/lib/aarch64-linux-gnu/:/usr/lib/../lib/:/usr/lib/gcc/aarch64-linux-gnu/12/../../../:/lib/:/usr/lib/
COLLECT_GCC_OPTIONS='-v' '-o' 'CMakeFiles/cmTC_533c8.dir/CMakeCCompilerABI.c.o' '-c' '-mlittle-endian' '-mabi=lp64' '-dumpdir' 'CMakeFiles/cmTC_533c8.dir/CMakeCCompilerABI.c.'
Linking C executable cmTC_533c8
/usr/bin/cmake -E cmake_link_script CMakeFiles/cmTC_533c8.dir/link.txt --verbose=1
/usr/bin/cc  -v -rdynamic CMakeFiles/cmTC_533c8.dir/CMakeCCompilerABI.c.o -o cmTC_533c8 
Using built-in specs.
COLLECT_GCC=/usr/bin/cc
COLLECT_LTO_WRAPPER=/usr/lib/gcc/aarch64-linux-gnu/12/lto-wrapper
Target: aarch64-linux-gnu
Configured with: ../src/configure -v --with-pkgversion='Debian 12.2.0-14' --with-bugurl=file:///usr/share/doc/gcc-12/README.Bugs --enable-languages=c,ada,c++,go,d,fortran,objc,obj-c++,m2 --prefix=/usr --with-gcc-major-version-only --program-suffix=-12 --program-prefix=aarch64-linux-gnu- --enable-shared --enable-linker-build-id --libexecdir=/usr/lib --without-included-gettext --enable-threads=posix --libdir=/usr/lib --enable-nls --enable-clocale=gnu --enable-libstdcxx-debug --enable-libstdcxx-time=yes --with-default-libstdcxx-abi=new --enable-gnu-unique-object --disable-libquadmath --disable-libquadmath-support --enable-plugin --enable-default-pie --with-system-zlib --enable-libphobos-checking=release --with-target-system-zlib=auto --enable-objc-gc=auto --enable-multiarch --enable-fix-cortex-a53-843419 --disable-werror --enable-checking=release --build=aarch64-linux-gnu --host=aarch64-linux-gnu --target=aarch64-linux-gnu
Thread model: posix
Supported LTO compression algorithms: zlib zstd
gcc version 12.2.0 (Debian 12.2.0-14) 
COMPILER_PATH=/usr/lib/gcc/aarch64-linux-gnu/12/:/usr/lib/gcc/aarch64-linux-gnu/12/:/usr/lib/gcc/aarch64-linux-gnu/:/usr/lib/gcc/aarch64-linux-gnu/12/:/usr/lib/gcc/aarch64-linux-gnu/
LIBRARY_PATH=/usr/lib/gcc/aarch64-linux-gnu/12/:/usr/lib/gcc/aarch64-linux-gnu/12/../../../aarch64-linux-gnu/:/usr/lib/gcc/aarch64-linux-gnu/12/../../../../lib/:/lib/aarch64-linux-gnu/:/lib/../lib/:/usr/lib/aarch64-linux-gnu/:/usr/lib/../lib/:/usr/lib/gcc/aarch64-linux-gnu/12/../../../:/lib/:/usr/lib/
COLLECT_GCC_OPTIONS='-v' '-rdynamic' '-o' 'cmTC_533c8' '-mlittle-endian' '-mabi=lp64' '-dumpdir' 'cmTC_533c8.'
 /usr/lib/gcc/aarch64-linux-gnu/12/collect2 -plugin /usr/lib/gcc/aarch64-linux-gnu/12/liblto_plugin.so -plugin-opt=/usr/lib/gcc/aarch64-linux-gnu/12/lto-wrapper -plugin-opt=-fresolution=/tmp/cc5p6GiP.res -plugin-opt=-pass-through=-lgcc -plugin-opt=-pass-through=-lgcc_s -plugin-opt=-pass-through=-lc -plugin-opt=-pass-through=-lgcc -plugin-opt=-pass-through=-lgcc_s --build-id --eh-frame-hdr --hash-style=gnu --as-needed -export-dynamic -dynamic-linker /lib/ld-linux-aarch64.so.1 -X -EL -maarch64linux --fix-cortex-a53-843419 -pie -o cmTC_533c8 /usr/lib/gcc/aarch64-linux-gnu/12/../../../aarch64-linux-gnu/Scrt1.o /usr/lib/gcc/aarch64-linux-gnu/12/../../../aarch64-linux-gnu/crti.o /usr/lib/gcc/aarch64-linux-gnu/12/crtbeginS.o -L/usr/lib/gcc/aarch64-linux-gnu/12 -L/usr/lib/gcc/aarch64-linux-gnu/12/../../../aarch64-linux-gnu -L/usr/lib/gcc/aarch64-linux-gnu/12/../../../../lib -L/lib/aarch64-linux-gnu -L/lib/../lib -L/usr/lib/aarch64-linux-gnu -L/usr/lib/../lib -L/usr/lib/gcc/aarch64-linux-gnu/12/../../.. CMakeFiles/cmTC_533c8.dir/CMakeCCompilerABI.c.o -lgcc --push-state --as-needed -lgcc_s --pop-state -lc -lgcc --push-state --as-needed -lgcc_s --pop-state /usr/lib/gcc/aarch64-linux-gnu/12/crtendS.o /usr/lib/gcc/aarch64-linux-gnu/12/../../../aarch64-linux-gnu/crtn.o
COLLECT_GCC_OPTIONS='-v' '-rdynamic' '-o' 'cmTC_533c8' '-mlittle-endian' '-mabi=lp64' '-dumpdir' 'cmTC_533c8.'
gmake[1]: Leaving directory '/home/kali/obdgpslogger/build/CMakeFiles/CMakeScratch/TryCompile-s88UtB'



Parsed C implicit include dir info from above output: rv=done
  found start of include info
  found start of implicit include info
    add: [/usr/lib/gcc/aarch64-linux-gnu/12/include]
    add: [/usr/local/include]
    add: [/usr/include/aarch64-linux-gnu]
    add: [/usr/include]
  end of search list found
  collapse include dir [/usr/lib/gcc/aarch64-linux-gnu/12/include] ==> [/usr/lib/gcc/aarch64-linux-gnu/12/include]
  collapse include dir [/usr/local/include] ==> [/usr/local/include]
  collapse include dir [/usr/include/aarch64-linux-gnu] ==> [/usr/include/aarch64-linux-gnu]
  collapse include dir [/usr/include] ==> [/usr/include]
  implicit include dirs: [/usr/lib/gcc/aarch64-linux-gnu/12/include;/usr/local/include;/usr/include/aarch64-linux-gnu;/usr/include]


Parsed C implicit link information from above output:
  link line regex: [^( *|.*[/\])(ld|CMAKE_LINK_STARTFILE-NOTFOUND|([^/\]+-)?ld|collect2)[^/\]*( |$)]
  ignore line: [Change Dir: /home/kali/obdgpslogger/build/CMakeFiles/CMakeScratch/TryCompile-s88UtB]
  ignore line: []
  ignore line: [Run Build Command(s):/usr/bin/gmake -f Makefile cmTC_533c8/fast && /usr/bin/gmake  -f CMakeFiles/cmTC_533c8.dir/build.make CMakeFiles/cmTC_533c8.dir/build]
  ignore line: [gmake[1]: Entering directory '/home/kali/obdgpslogger/build/CMakeFiles/CMakeScratch/TryCompile-s88UtB']
  ignore line: [Building C object CMakeFiles/cmTC_533c8.dir/CMakeCCompilerABI.c.o]
  ignore line: [/usr/bin/cc   -v -o CMakeFiles/cmTC_533c8.dir/CMakeCCompilerABI.c.o -c /usr/share/cmake-3.25/Modules/CMakeCCompilerABI.c]
  ignore line: [Using built-in specs.]
  ignore line: [COLLECT_GCC=/usr/bin/cc]
  ignore line: [Target: aarch64-linux-gnu]
  ignore line: [Configured with: ../src/configure -v --with-pkgversion='Debian 12.2.0-14' --with-bugurl=file:///usr/share/doc/gcc-12/README.Bugs --enable-languages=c ada c++ go d fortran objc obj-c++ m2 --prefix=/usr --with-gcc-major-version-only --program-suffix=-12 --program-prefix=aarch64-linux-gnu- --enable-shared --enable-linker-build-id --libexecdir=/usr/lib --without-included-gettext --enable-threads=posix --libdir=/usr/lib --enable-nls --enable-clocale=gnu --enable-libstdcxx-debug --enable-libstdcxx-time=yes --with-default-libstdcxx-abi=new --enable-gnu-unique-object --disable-libquadmath --disable-libquadmath-support --enable-plugin --enable-default-pie --with-system-zlib --enable-libphobos-checking=release --with-target-system-zlib=auto --enable-objc-gc=auto --enable-multiarch --enable-fix-cortex-a53-843419 --disable-werror --enable-checking=release --build=aarch64-linux-gnu --host=aarch64-linux-gnu --target=aarch64-linux-gnu]
  ignore line: [Thread model: posix]
  ignore line: [Supported LTO compression algorithms: zlib zstd]
  ignore line: [gcc version 12.2.0 (Debian 12.2.0-14) ]
  ignore line: [COLLECT_GCC_OPTIONS='-v' '-o' 'CMakeFiles/cmTC_533c8.dir/CMakeCCompilerABI.c.o' '-c' '-mlittle-endian' '-mabi=lp64' '-dumpdir' 'CMakeFiles/cmTC_533c8.dir/']
  ignore line: [ /usr/lib/gcc/aarch64-linux-gnu/12/cc1 -quiet -v -imultiarch aarch64-linux-gnu /usr/share/cmake-3.25/Modules/CMakeCCompilerABI.c -quiet -dumpdir CMakeFiles/cmTC_533c8.dir/ -dumpbase CMakeCCompilerABI.c.c -dumpbase-ext .c -mlittle-endian -mabi=lp64 -version -fasynchronous-unwind-tables -o /tmp/ccKwXYZN.s]
  ignore line: [GNU C17 (Debian 12.2.0-14) version 12.2.0 (aarch64-linux-gnu)]
  ignore line: [	compiled by GNU C version 12.2.0  GMP version 6.2.1  MPFR version 4.1.1-p1  MPC version 1.3.1  isl version isl-0.25-GMP]
  ignore line: []
  ignore line: [warning: MPFR header version 4.1.1-p1 differs from library version 4.2.0.]
  ignore line: [GGC heuristics: --param ggc-min-expand=100 --param ggc-min-heapsize=131072]
  ignore line: [ignoring nonexistent directory "/usr/local/include/aarch64-linux-gnu"]
  ignore line: [ignoring nonexistent directory "/usr/lib/gcc/aarch64-linux-gnu/12/include-fixed"]
  ignore line: [ignoring nonexistent directory "/usr/lib/gcc/aarch64-linux-gnu/12/../../../../aarch64-linux-gnu/include"]
  ignore line: [#include "..." search starts here:]
  ignore line: [#include <...> search starts here:]
  ignore line: [ /usr/lib/gcc/aarch64-linux-gnu/12/include]
  ignore line: [ /usr/local/include]
  ignore line: [ /usr/include/aarch64-linux-gnu]
  ignore line: [ /usr/include]
  ignore line: [End of search list.]
  ignore line: [GNU C17 (Debian 12.2.0-14) version 12.2.0 (aarch64-linux-gnu)]
  ignore line: [	compiled by GNU C version 12.2.0  GMP version 6.2.1  MPFR version 4.1.1-p1  MPC version 1.3.1  isl version isl-0.25-GMP]
  ignore line: []
  ignore line: [warning: MPFR header version 4.1.1-p1 differs from library version 4.2.0.]
  ignore line: [GGC heuristics: --param ggc-min-expand=100 --param ggc-min-heapsize=131072]
  ignore line: [Compiler executable checksum: f1bacec099212325d0da3c77e1f38897]
  ignore line: [COLLECT_GCC_OPTIONS='-v' '-o' 'CMakeFiles/cmTC_533c8.dir/CMakeCCompilerABI.c.o' '-c' '-mlittle-endian' '-mabi=lp64' '-dumpdir' 'CMakeFiles/cmTC_533c8.dir/']
  ignore line: [ as -v -EL -mabi=lp64 -o CMakeFiles/cmTC_533c8.dir/CMakeCCompilerABI.c.o /tmp/ccKwXYZN.s]
  ignore line: [GNU assembler version 2.40 (aarch64-linux-gnu) using BFD version (GNU Binutils for Debian) 2.40]
  ignore line: [COMPILER_PATH=/usr/lib/gcc/aarch64-linux-gnu/12/:/usr/lib/gcc/aarch64-linux-gnu/12/:/usr/lib/gcc/aarch64-linux-gnu/:/usr/lib/gcc/aarch64-linux-gnu/12/:/usr/lib/gcc/aarch64-linux-gnu/]
  ignore line: [LIBRARY_PATH=/usr/lib/gcc/aarch64-linux-gnu/12/:/usr/lib/gcc/aarch64-linux-gnu/12/../../../aarch64-linux-gnu/:/usr/lib/gcc/aarch64-linux-gnu/12/../../../../lib/:/lib/aarch64-linux-gnu/:/lib/../lib/:/usr/lib/aarch64-linux-gnu/:/usr/lib/../lib/:/usr/lib/gcc/aarch64-linux-gnu/12/../../../:/lib/:/usr/lib/]
  ignore line: [COLLECT_GCC_OPTIONS='-v' '-o' 'CMakeFiles/cmTC_533c8.dir/CMakeCCompilerABI.c.o' '-c' '-mlittle-endian' '-mabi=lp64' '-dumpdir' 'CMakeFiles/cmTC_533c8.dir/CMakeCCompilerABI.c.']
  ignore line: [Linking C executable cmTC_533c8]
  ignore line: [/usr/bin/cmake -E cmake_link_script CMakeFiles/cmTC_533c8.dir/link.txt --verbose=1]
  ignore line: [/usr/bin/cc  -v -rdynamic CMakeFiles/cmTC_533c8.dir/CMakeCCompilerABI.c.o -o cmTC_533c8 ]
  ignore line: [Using built-in specs.]
  ignore line: [COLLECT_GCC=/usr/bin/cc]
  ignore line: [COLLECT_LTO_WRAPPER=/usr/lib/gcc/aarch64-linux-gnu/12/lto-wrapper]
  ignore line: [Target: aarch64-linux-gnu]
  ignore line: [Configured with: ../src/configure -v --with-pkgversion='Debian 12.2.0-14' --with-bugurl=file:///usr/share/doc/gcc-12/README.Bugs --enable-languages=c ada c++ go d fortran objc obj-c++ m2 --prefix=/usr --with-gcc-major-version-only --program-suffix=-12 --program-prefix=aarch64-linux-gnu- --enable-shared --enable-linker-build-id --libexecdir=/usr/lib --without-included-gettext --enable-threads=posix --libdir=/usr/lib --enable-nls --enable-clocale=gnu --enable-libstdcxx-debug --enable-libstdcxx-time=yes --with-default-libstdcxx-abi=new --enable-gnu-unique-object --disable-libquadmath --disable-libquadmath-support --enable-plugin --enable-default-pie --with-system-zlib --enable-libphobos-checking=release --with-target-system-zlib=auto --enable-objc-gc=auto --enable-multiarch --enable-fix-cortex-a53-843419 --disable-werror --enable-checking=release --build=aarch64-linux-gnu --host=aarch64-linux-gnu --target=aarch64-linux-gnu]
  ignore line: [Thread model: posix]
  ignore line: [Supported LTO compression algorithms: zlib zstd]
  ignore line: [gcc version 12.2.0 (Debian 12.2.0-14) ]
  ignore line: [COMPILER_PATH=/usr/lib/gcc/aarch64-linux-gnu/12/:/usr/lib/gcc/aarch64-linux-gnu/12/:/usr/lib/gcc/aarch64-linux-gnu/:/usr/lib/gcc/aarch64-linux-gnu/12/:/usr/lib/gcc/aarch64-linux-gnu/]
  ignore line: [LIBRARY_PATH=/usr/lib/gcc/aarch64-linux-gnu/12/:/usr/lib/gcc/aarch64-linux-gnu/12/../../../aarch64-linux-gnu/:/usr/lib/gcc/aarch64-linux-gnu/12/../../../../lib/:/lib/aarch64-linux-gnu/:/lib/../lib/:/usr/lib/aarch64-linux-gnu/:/usr/lib/../lib/:/usr/lib/gcc/aarch64-linux-gnu/12/../../../:/lib/:/usr/lib/]
  ignore line: [COLLECT_GCC_OPTIONS='-v' '-rdynamic' '-o' 'cmTC_533c8' '-mlittle-endian' '-mabi=lp64' '-dumpdir' 'cmTC_533c8.']
  link line: [ /usr/lib/gcc/aarch64-linux-gnu/12/collect2 -plugin /usr/lib/gcc/aarch64-linux-gnu/12/liblto_plugin.so -plugin-opt=/usr/lib/gcc/aarch64-linux-gnu/12/lto-wrapper -plugin-opt=-fresolution=/tmp/cc5p6GiP.res -plugin-opt=-pass-through=-lgcc -plugin-opt=-pass-through=-lgcc_s -plugin-opt=-pass-through=-lc -plugin-opt=-pass-through=-lgcc -plugin-opt=-pass-through=-lgcc_s --build-id --eh-frame-hdr --hash-style=gnu --as-needed -export-dynamic -dynamic-linker /lib/ld-linux-aarch64.so.1 -X -EL -maarch64linux --fix-cortex-a53-843419 -pie -o cmTC_533c8 /usr/lib/gcc/aarch64-linux-gnu/12/../../../aarch64-linux-gnu/Scrt1.o /usr/lib/gcc/aarch64-linux-gnu/12/../../../aarch64-linux-gnu/crti.o /usr/lib/gcc/aarch64-linux-gnu/12/crtbeginS.o -L/usr/lib/gcc/aarch64-linux-gnu/12 -L/usr/lib/gcc/aarch64-linux-gnu/12/../../../aarch64-linux-gnu -L/usr/lib/gcc/aarch64-linux-gnu/12/../../../../lib -L/lib/aarch64-linux-gnu -L/lib/../lib -L/usr/lib/aarch64-linux-gnu -L/usr/lib/../lib -L/usr/lib/gcc/aarch64-linux-gnu/12/../../.. CMakeFiles/cmTC_533c8.dir/CMakeCCompilerABI.c.o -lgcc --push-state --as-needed -lgcc_s --pop-state -lc -lgcc --push-state --as-needed -lgcc_s --pop-state /usr/lib/gcc/aarch64-linux-gnu/12/crtendS.o /usr/lib/gcc/aarch64-linux-gnu/12/../../../aarch64-linux-gnu/crtn.o]
    arg [/usr/lib/gcc/aarch64-linux-gnu/12/collect2] ==> ignore
    arg [-plugin] ==> ignore
    arg [/usr/lib/gcc/aarch64-linux-gnu/12/liblto_plugin.so] ==> ignore
    arg [-plugin-opt=/usr/lib/gcc/aarch64-linux-gnu/12/lto-wrapper] ==> ignore
    arg [-plugin-opt=-fresolution=/tmp/cc5p6GiP.res] ==> ignore
    arg [-plugin-opt=-pass-through=-lgcc] ==> ignore
    arg [-plugin-opt=-pass-through=-lgcc_s] ==> ignore
    arg [-plugin-opt=-pass-through=-lc] ==> ignore
    arg [-plugin-opt=-pass-through=-lgcc] ==> ignore
    arg [-plugin-opt=-pass-through=-lgcc_s] ==> ignore
    arg [--build-id] ==> ignore
    arg [--eh-frame-hdr] ==> ignore
    arg [--hash-style=gnu] ==> ignore
    arg [--as-needed] ==> ignore
    arg [-export-dynamic] ==> ignore
    arg [-dynamic-linker] ==> ignore
    arg [/lib/ld-linux-aarch64.so.1] ==> ignore
    arg [-X] ==> ignore
    arg [-EL] ==> ignore
    arg [-maarch64linux] ==> ignore
    arg [--fix-cortex-a53-843419] ==> ignore
    arg [-pie] ==> ignore
    arg [-o] ==> ignore
    arg [cmTC_533c8] ==> ignore
    arg [/usr/lib/gcc/aarch64-linux-gnu/12/../../../aarch64-linux-gnu/Scrt1.o] ==> obj [/usr/lib/gcc/aarch64-linux-gnu/12/../../../aarch64-linux-gnu/Scrt1.o]
    arg [/usr/lib/gcc/aarch64-linux-gnu/12/../../../aarch64-linux-gnu/crti.o] ==> obj [/usr/lib/gcc/aarch64-linux-gnu/12/../../../aarch64-linux-gnu/crti.o]
    arg [/usr/lib/gcc/aarch64-linux-gnu/12/crtbeginS.o] ==> obj [/usr/lib/gcc/aarch64-linux-gnu/12/crtbeginS.o]
    arg [-L/usr/lib/gcc/aarch64-linux-gnu/12] ==> dir [/usr/lib/gcc/aarch64-linux-gnu/12]
    arg [-L/usr/lib/gcc/aarch64-linux-gnu/12/../../../aarch64-linux-gnu] ==> dir [/usr/lib/gcc/aarch64-linux-gnu/12/../../../aarch64-linux-gnu]
    arg [-L/usr/lib/gcc/aarch64-linux-gnu/12/../../../../lib] ==> dir [/usr/lib/gcc/aarch64-linux-gnu/12/../../../../lib]
    arg [-L/lib/aarch64-linux-gnu] ==> dir [/lib/aarch64-linux-gnu]
    arg [-L/lib/../lib] ==> dir [/lib/../lib]
    arg [-L/usr/lib/aarch64-linux-gnu] ==> dir [/usr/lib/aarch64-linux-gnu]
    arg [-L/usr/lib/../lib] ==> dir [/usr/lib/../lib]
    arg [-L/usr/lib/gcc/aarch64-linux-gnu/12/../../..] ==> dir [/usr/lib/gcc/aarch64-linux-gnu/12/../../..]
    arg [CMakeFiles/cmTC_533c8.dir/CMakeCCompilerABI.c.o] ==> ignore
    arg [-lgcc] ==> lib [gcc]
    arg [--push-state] ==> ignore
    arg [--as-needed] ==> ignore
    arg [-lgcc_s] ==> lib [gcc_s]
    arg [--pop-state] ==> ignore
    arg [-lc] ==> lib [c]
    arg [-lgcc] ==> lib [gcc]
    arg [--push-state] ==> ignore
    arg [--as-needed] ==> ignore
    arg [-lgcc_s] ==> lib [gcc_s]
    arg [--pop-state] ==> ignore
    arg [/usr/lib/gcc/aarch64-linux-gnu/12/crtendS.o] ==> obj [/usr/lib/gcc/aarch64-linux-gnu/12/crtendS.o]
    arg [/usr/lib/gcc/aarch64-linux-gnu/12/../../../aarch64-linux-gnu/crtn.o] ==> obj [/usr/lib/gcc/aarch64-linux-gnu/12/../../../aarch64-linux-gnu/crtn.o]
  collapse obj [/usr/lib/gcc/aarch64-linux-gnu/12/../../../aarch64-linux-gnu/Scrt1.o] ==> [/usr/lib/aarch64-linux-gnu/Scrt1.o]
  collapse obj [/usr/lib/gcc/aarch64-linux-gnu/12/../../../aarch64-linux-gnu/crti.o] ==> [/usr/lib/aarch64-linux-gnu/crti.o]
  collapse obj [/usr/lib/gcc/aarch64-linux-gnu/12/../../../aarch64-linux-gnu/crtn.o] ==> [/usr/lib/aarch64-linux-gnu/crtn.o]
  collapse library dir [/usr/lib/gcc/aarch64-linux-gnu/12] ==> [/usr/lib/gcc/aarch64-linux-gnu/12]
  collapse library dir [/usr/lib/gcc/aarch64-linux-gnu/12/../../../aarch64-linux-gnu] ==> [/usr/lib/aarch64-linux-gnu]
  collapse library dir [/usr/lib/gcc/aarch64-linux-gnu/12/../../../../lib] ==> [/usr/lib]
  collapse library dir [/lib/aarch64-linux-gnu] ==> [/lib/aarch64-linux-gnu]
  collapse library dir [/lib/../lib] ==> [/lib]
  collapse library dir [/usr/lib/aarch64-linux-gnu] ==> [/usr/lib/aarch64-linux-gnu]
  collapse library dir [/usr/lib/../lib] ==> [/usr/lib]
  collapse library dir [/usr/lib/gcc/aarch64-linux-gnu/12/../../..] ==> [/usr/lib]
  implicit libs: [gcc;gcc_s;c;gcc;gcc_s]
  implicit objs: [/usr/lib/aarch64-linux-gnu/Scrt1.o;/usr/lib/aarch64-linux-gnu/crti.o;/usr/lib/gcc/aarch64-linux-gnu/12/crtbeginS.o;/usr/lib/gcc/aarch64-linux-gnu/12/crtendS.o;/usr/lib/aarch64-linux-gnu/crtn.o]
  implicit dirs: [/usr/lib/gcc/aarch64-linux-gnu/12;/usr/lib/aarch64-linux-gnu;/usr/lib;/lib/aarch64-linux-gnu;/lib]
  implicit fwks: []


Detecting CXX compiler ABI info compiled with the following output:
Change Dir: /home/kali/obdgpslogger/build/CMakeFiles/CMakeScratch/TryCompile-lv72qp

Run Build Command(s):/usr/bin/gmake -f Makefile cmTC_aa69a/fast && /usr/bin/gmake  -f CMakeFiles/cmTC_aa69a.dir/build.make CMakeFiles/cmTC_aa69a.dir/build
gmake[1]: Entering directory '/home/kali/obdgpslogger/build/CMakeFiles/CMakeScratch/TryCompile-lv72qp'
Building CXX object CMakeFiles/cmTC_aa69a.dir/CMakeCXXCompilerABI.cpp.o
/usr/bin/c++   -v -o CMakeFiles/cmTC_aa69a.dir/CMakeCXXCompilerABI.cpp.o -c /usr/share/cmake-3.25/Modules/CMakeCXXCompilerABI.cpp
Using built-in specs.
COLLECT_GCC=/usr/bin/c++
Target: aarch64-linux-gnu
Configured with: ../src/configure -v --with-pkgversion='Debian 12.2.0-14' --with-bugurl=file:///usr/share/doc/gcc-12/README.Bugs --enable-languages=c,ada,c++,go,d,fortran,objc,obj-c++,m2 --prefix=/usr --with-gcc-major-version-only --program-suffix=-12 --program-prefix=aarch64-linux-gnu- --enable-shared --enable-linker-build-id --libexecdir=/usr/lib --without-included-gettext --enable-threads=posix --libdir=/usr/lib --enable-nls --enable-clocale=gnu --enable-libstdcxx-debug --enable-libstdcxx-time=yes --with-default-libstdcxx-abi=new --enable-gnu-unique-object --disable-libquadmath --disable-libquadmath-support --enable-plugin --enable-default-pie --with-system-zlib --enable-libphobos-checking=release --with-target-system-zlib=auto --enable-objc-gc=auto --enable-multiarch --enable-fix-cortex-a53-843419 --disable-werror --enable-checking=release --build=aarch64-linux-gnu --host=aarch64-linux-gnu --target=aarch64-linux-gnu
Thread model: posix
Supported LTO compression algorithms: zlib zstd
gcc version 12.2.0 (Debian 12.2.0-14) 
COLLECT_GCC_OPTIONS='-v' '-o' 'CMakeFiles/cmTC_aa69a.dir/CMakeCXXCompilerABI.cpp.o' '-c' '-shared-libgcc' '-mlittle-endian' '-mabi=lp64' '-dumpdir' 'CMakeFiles/cmTC_aa69a.dir/'
 /usr/lib/gcc/aarch64-linux-gnu/12/cc1plus -quiet -v -imultiarch aarch64-linux-gnu -D_GNU_SOURCE /usr/share/cmake-3.25/Modules/CMakeCXXCompilerABI.cpp -quiet -dumpdir CMakeFiles/cmTC_aa69a.dir/ -dumpbase CMakeCXXCompilerABI.cpp.cpp -dumpbase-ext .cpp -mlittle-endian -mabi=lp64 -version -fasynchronous-unwind-tables -o /tmp/ccbj5G2W.s
GNU C++17 (Debian 12.2.0-14) version 12.2.0 (aarch64-linux-gnu)
	compiled by GNU C version 12.2.0, GMP version 6.2.1, MPFR version 4.1.1-p1, MPC version 1.3.1, isl version isl-0.25-GMP

warning: MPFR header version 4.1.1-p1 differs from library version 4.2.0.
GGC heuristics: --param ggc-min-expand=100 --param ggc-min-heapsize=131072
ignoring duplicate directory "/usr/include/aarch64-linux-gnu/c++/12"
ignoring nonexistent directory "/usr/local/include/aarch64-linux-gnu"
ignoring nonexistent directory "/usr/lib/gcc/aarch64-linux-gnu/12/include-fixed"
ignoring nonexistent directory "/usr/lib/gcc/aarch64-linux-gnu/12/../../../../aarch64-linux-gnu/include"
#include "..." search starts here:
#include <...> search starts here:
 /usr/include/c++/12
 /usr/include/aarch64-linux-gnu/c++/12
 /usr/include/c++/12/backward
 /usr/lib/gcc/aarch64-linux-gnu/12/include
 /usr/local/include
 /usr/include/aarch64-linux-gnu
 /usr/include
End of search list.
GNU C++17 (Debian 12.2.0-14) version 12.2.0 (aarch64-linux-gnu)
	compiled by GNU C version 12.2.0, GMP version 6.2.1, MPFR version 4.1.1-p1, MPC version 1.3.1, isl version isl-0.25-GMP

warning: MPFR header version 4.1.1-p1 differs from library version 4.2.0.
GGC heuristics: --param ggc-min-expand=100 --param ggc-min-heapsize=131072
Compiler executable checksum: 76d6f14273b9515783c50374b109b352
COLLECT_GCC_OPTIONS='-v' '-o' 'CMakeFiles/cmTC_aa69a.dir/CMakeCXXCompilerABI.cpp.o' '-c' '-shared-libgcc' '-mlittle-endian' '-mabi=lp64' '-dumpdir' 'CMakeFiles/cmTC_aa69a.dir/'
 as -v -EL -mabi=lp64 -o CMakeFiles/cmTC_aa69a.dir/CMakeCXXCompilerABI.cpp.o /tmp/ccbj5G2W.s
GNU assembler version 2.40 (aarch64-linux-gnu) using BFD version (GNU Binutils for Debian) 2.40
COMPILER_PATH=/usr/lib/gcc/aarch64-linux-gnu/12/:/usr/lib/gcc/aarch64-linux-gnu/12/:/usr/lib/gcc/aarch64-linux-gnu/:/usr/lib/gcc/aarch64-linux-gnu/12/:/usr/lib/gcc/aarch64-linux-gnu/
LIBRARY_PATH=/usr/lib/gcc/aarch64-linux-gnu/12/:/usr/lib/gcc/aarch64-linux-gnu/12/../../../aarch64-linux-gnu/:/usr/lib/gcc/aarch64-linux-gnu/12/../../../../lib/:/lib/aarch64-linux-gnu/:/lib/../lib/:/usr/lib/aarch64-linux-gnu/:/usr/lib/../lib/:/usr/lib/gcc/aarch64-linux-gnu/12/../../../:/lib/:/usr/lib/
COLLECT_GCC_OPTIONS='-v' '-o' 'CMakeFiles/cmTC_aa69a.dir/CMakeCXXCompilerABI.cpp.o' '-c' '-shared-libgcc' '-mlittle-endian' '-mabi=lp64' '-dumpdir' 'CMakeFiles/cmTC_aa69a.dir/CMakeCXXCompilerABI.cpp.'
Linking CXX executable cmTC_aa69a
/usr/bin/cmake -E cmake_link_script CMakeFiles/cmTC_aa69a.dir/link.txt --verbose=1
/usr/bin/c++  -v -rdynamic CMakeFiles/cmTC_aa69a.dir/CMakeCXXCompilerABI.cpp.o -o cmTC_aa69a 
Using built-in specs.
COLLECT_GCC=/usr/bin/c++
COLLECT_LTO_WRAPPER=/usr/lib/gcc/aarch64-linux-gnu/12/lto-wrapper
Target: aarch64-linux-gnu
Configured with: ../src/configure -v --with-pkgversion='Debian 12.2.0-14' --with-bugurl=file:///usr/share/doc/gcc-12/README.Bugs --enable-languages=c,ada,c++,go,d,fortran,objc,obj-c++,m2 --prefix=/usr --with-gcc-major-version-only --program-suffix=-12 --program-prefix=aarch64-linux-gnu- --enable-shared --enable-linker-build-id --libexecdir=/usr/lib --without-included-gettext --enable-threads=posix --libdir=/usr/lib --enable-nls --enable-clocale=gnu --enable-libstdcxx-debug --enable-libstdcxx-time=yes --with-default-libstdcxx-abi=new --enable-gnu-unique-object --disable-libquadmath --disable-libquadmath-support --enable-plugin --enable-default-pie --with-system-zlib --enable-libphobos-checking=release --with-target-system-zlib=auto --enable-objc-gc=auto --enable-multiarch --enable-fix-cortex-a53-843419 --disable-werror --enable-checking=release --build=aarch64-linux-gnu --host=aarch64-linux-gnu --target=aarch64-linux-gnu
Thread model: posix
Supported LTO compression algorithms: zlib zstd
gcc version 12.2.0 (Debian 12.2.0-14) 
COMPILER_PATH=/usr/lib/gcc/aarch64-linux-gnu/12/:/usr/lib/gcc/aarch64-linux-gnu/12/:/usr/lib/gcc/aarch64-linux-gnu/:/usr/lib/gcc/aarch64-linux-gnu/12/:/usr/lib/gcc/aarch64-linux-gnu/
LIBRARY_PATH=/usr/lib/gcc/aarch64-linux-gnu/12/:/usr/lib/gcc/aarch64-linux-gnu/12/../../../aarch64-linux-gnu/:/usr/lib/gcc/aarch64-linux-gnu/12/../../../../lib/:/lib/aarch64-linux-gnu/:/lib/../lib/:/usr/lib/aarch64-linux-gnu/:/usr/lib/../lib/:/usr/lib/gcc/aarch64-linux-gnu/12/../../../:/lib/:/usr/lib/
COLLECT_GCC_OPTIONS='-v' '-rdynamic' '-o' 'cmTC_aa69a' '-shared-libgcc' '-mlittle-endian' '-mabi=lp64' '-dumpdir' 'cmTC_aa69a.'
 /usr/lib/gcc/aarch64-linux-gnu/12/collect2 -plugin /usr/lib/gcc/aarch64-linux-gnu/12/liblto_plugin.so -plugin-opt=/usr/lib/gcc/aarch64-linux-gnu/12/lto-wrapper -plugin-opt=-fresolution=/tmp/ccAyxQON.res -plugin-opt=-pass-through=-lgcc_s -plugin-opt=-pass-through=-lgcc -plugin-opt=-pass-through=-lc -plugin-opt=-pass-through=-lgcc_s -plugin-opt=-pass-through=-lgcc --build-id --eh-frame-hdr --hash-style=gnu --as-needed -export-dynamic -dynamic-linker /lib/ld-linux-aarch64.so.1 -X -EL -maarch64linux --fix-cortex-a53-843419 -pie -o cmTC_aa69a /usr/lib/gcc/aarch64-linux-gnu/12/../../../aarch64-linux-gnu/Scrt1.o /usr/lib/gcc/aarch64-linux-gnu/12/../../../aarch64-linux-gnu/crti.o /usr/lib/gcc/aarch64-linux-gnu/12/crtbeginS.o -L/usr/lib/gcc/aarch64-linux-gnu/12 -L/usr/lib/gcc/aarch64-linux-gnu/12/../../../aarch64-linux-gnu -L/usr/lib/gcc/aarch64-linux-gnu/12/../../../../lib -L/lib/aarch64-linux-gnu -L/lib/../lib -L/usr/lib/aarch64-linux-gnu -L/usr/lib/../lib -L/usr/lib/gcc/aarch64-linux-gnu/12/../../.. CMakeFiles/cmTC_aa69a.dir/CMakeCXXCompilerABI.cpp.o -lstdc++ -lm -lgcc_s -lgcc -lc -lgcc_s -lgcc /usr/lib/gcc/aarch64-linux-gnu/12/crtendS.o /usr/lib/gcc/aarch64-linux-gnu/12/../../../aarch64-linux-gnu/crtn.o
COLLECT_GCC_OPTIONS='-v' '-rdynamic' '-o' 'cmTC_aa69a' '-shared-libgcc' '-mlittle-endian' '-mabi=lp64' '-dumpdir' 'cmTC_aa69a.'
gmake[1]: Leaving directory '/home/kali/obdgpslogger/build/CMakeFiles/CMakeScratch/TryCompile-lv72qp'



Parsed CXX implicit include dir info from above output: rv=done
  found start of include info
  found start of implicit include info
    add: [/usr/include/c++/12]
    add: [/usr/include/aarch64-linux-gnu/c++/12]
    add: [/usr/include/c++/12/backward]
    add: [/usr/lib/gcc/aarch64-linux-gnu/12/include]
    add: [/usr/local/include]
    add: [/usr/include/aarch64-linux-gnu]
    add: [/usr/include]
  end of search list found
  collapse include dir [/usr/include/c++/12] ==> [/usr/include/c++/12]
  collapse include dir [/usr/include/aarch64-linux-gnu/c++/12] ==> [/usr/include/aarch64-linux-gnu/c++/12]
  collapse include dir [/usr/include/c++/12/backward] ==> [/usr/include/c++/12/backward]
  collapse include dir [/usr/lib/gcc/aarch64-linux-gnu/12/include] ==> [/usr/lib/gcc/aarch64-linux-gnu/12/include]
  collapse include dir [/usr/local/include] ==> [/usr/local/include]
  collapse include dir [/usr/include/aarch64-linux-gnu] ==> [/usr/include/aarch64-linux-gnu]
  collapse include dir [/usr/include] ==> [/usr/include]
  implicit include dirs: [/usr/include/c++/12;/usr/include/aarch64-linux-gnu/c++/12;/usr/include/c++/12/backward;/usr/lib/gcc/aarch64-linux-gnu/12/include;/usr/local/include;/usr/include/aarch64-linux-gnu;/usr/include]


Parsed CXX implicit link information from above output:
  link line regex: [^( *|.*[/\])(ld|CMAKE_LINK_STARTFILE-NOTFOUND|([^/\]+-)?ld|collect2)[^/\]*( |$)]
  ignore line: [Change Dir: /home/kali/obdgpslogger/build/CMakeFiles/CMakeScratch/TryCompile-lv72qp]
  ignore line: []
  ignore line: [Run Build Command(s):/usr/bin/gmake -f Makefile cmTC_aa69a/fast && /usr/bin/gmake  -f CMakeFiles/cmTC_aa69a.dir/build.make CMakeFiles/cmTC_aa69a.dir/build]
  ignore line: [gmake[1]: Entering directory '/home/kali/obdgpslogger/build/CMakeFiles/CMakeScratch/TryCompile-lv72qp']
  ignore line: [Building CXX object CMakeFiles/cmTC_aa69a.dir/CMakeCXXCompilerABI.cpp.o]
  ignore line: [/usr/bin/c++   -v -o CMakeFiles/cmTC_aa69a.dir/CMakeCXXCompilerABI.cpp.o -c /usr/share/cmake-3.25/Modules/CMakeCXXCompilerABI.cpp]
  ignore line: [Using built-in specs.]
  ignore line: [COLLECT_GCC=/usr/bin/c++]
  ignore line: [Target: aarch64-linux-gnu]
  ignore line: [Configured with: ../src/configure -v --with-pkgversion='Debian 12.2.0-14' --with-bugurl=file:///usr/share/doc/gcc-12/README.Bugs --enable-languages=c ada c++ go d fortran objc obj-c++ m2 --prefix=/usr --with-gcc-major-version-only --program-suffix=-12 --program-prefix=aarch64-linux-gnu- --enable-shared --enable-linker-build-id --libexecdir=/usr/lib --without-included-gettext --enable-threads=posix --libdir=/usr/lib --enable-nls --enable-clocale=gnu --enable-libstdcxx-debug --enable-libstdcxx-time=yes --with-default-libstdcxx-abi=new --enable-gnu-unique-object --disable-libquadmath --disable-libquadmath-support --enable-plugin --enable-default-pie --with-system-zlib --enable-libphobos-checking=release --with-target-system-zlib=auto --enable-objc-gc=auto --enable-multiarch --enable-fix-cortex-a53-843419 --disable-werror --enable-checking=release --build=aarch64-linux-gnu --host=aarch64-linux-gnu --target=aarch64-linux-gnu]
  ignore line: [Thread model: posix]
  ignore line: [Supported LTO compression algorithms: zlib zstd]
  ignore line: [gcc version 12.2.0 (Debian 12.2.0-14) ]
  ignore line: [COLLECT_GCC_OPTIONS='-v' '-o' 'CMakeFiles/cmTC_aa69a.dir/CMakeCXXCompilerABI.cpp.o' '-c' '-shared-libgcc' '-mlittle-endian' '-mabi=lp64' '-dumpdir' 'CMakeFiles/cmTC_aa69a.dir/']
  ignore line: [ /usr/lib/gcc/aarch64-linux-gnu/12/cc1plus -quiet -v -imultiarch aarch64-linux-gnu -D_GNU_SOURCE /usr/share/cmake-3.25/Modules/CMakeCXXCompilerABI.cpp -quiet -dumpdir CMakeFiles/cmTC_aa69a.dir/ -dumpbase CMakeCXXCompilerABI.cpp.cpp -dumpbase-ext .cpp -mlittle-endian -mabi=lp64 -version -fasynchronous-unwind-tables -o /tmp/ccbj5G2W.s]
  ignore line: [GNU C++17 (Debian 12.2.0-14) version 12.2.0 (aarch64-linux-gnu)]
  ignore line: [	compiled by GNU C version 12.2.0  GMP version 6.2.1  MPFR version 4.1.1-p1  MPC version 1.3.1  isl version isl-0.25-GMP]
  ignore line: []
  ignore line: [warning: MPFR header version 4.1.1-p1 differs from library version 4.2.0.]
  ignore line: [GGC heuristics: --param ggc-min-expand=100 --param ggc-min-heapsize=131072]
  ignore line: [ignoring duplicate directory "/usr/include/aarch64-linux-gnu/c++/12"]
  ignore line: [ignoring nonexistent directory "/usr/local/include/aarch64-linux-gnu"]
  ignore line: [ignoring nonexistent directory "/usr/lib/gcc/aarch64-linux-gnu/12/include-fixed"]
  ignore line: [ignoring nonexistent directory "/usr/lib/gcc/aarch64-linux-gnu/12/../../../../aarch64-linux-gnu/include"]
  ignore line: [#include "..." search starts here:]
  ignore line: [#include <...> search starts here:]
  ignore line: [ /usr/include/c++/12]
  ignore line: [ /usr/include/aarch64-linux-gnu/c++/12]
  ignore line: [ /usr/include/c++/12/backward]
  ignore line: [ /usr/lib/gcc/aarch64-linux-gnu/12/include]
  ignore line: [ /usr/local/include]
  ignore line: [ /usr/include/aarch64-linux-gnu]
  ignore line: [ /usr/include]
  ignore line: [End of search list.]
  ignore line: [GNU C++17 (Debian 12.2.0-14) version 12.2.0 (aarch64-linux-gnu)]
  ignore line: [	compiled by GNU C version 12.2.0  GMP version 6.2.1  MPFR version 4.1.1-p1  MPC version 1.3.1  isl version isl-0.25-GMP]
  ignore line: []
  ignore line: [warning: MPFR header version 4.1.1-p1 differs from library version 4.2.0.]
  ignore line: [GGC heuristics: --param ggc-min-expand=100 --param ggc-min-heapsize=131072]
  ignore line: [Compiler executable checksum: 76d6f14273b9515783c50374b109b352]
  ignore line: [COLLECT_GCC_OPTIONS='-v' '-o' 'CMakeFiles/cmTC_aa69a.dir/CMakeCXXCompilerABI.cpp.o' '-c' '-shared-libgcc' '-mlittle-endian' '-mabi=lp64' '-dumpdir' 'CMakeFiles/cmTC_aa69a.dir/']
  ignore line: [ as -v -EL -mabi=lp64 -o CMakeFiles/cmTC_aa69a.dir/CMakeCXXCompilerABI.cpp.o /tmp/ccbj5G2W.s]
  ignore line: [GNU assembler version 2.40 (aarch64-linux-gnu) using BFD version (GNU Binutils for Debian) 2.40]
  ignore line: [COMPILER_PATH=/usr/lib/gcc/aarch64-linux-gnu/12/:/usr/lib/gcc/aarch64-linux-gnu/12/:/usr/lib/gcc/aarch64-linux-gnu/:/usr/lib/gcc/aarch64-linux-gnu/12/:/usr/lib/gcc/aarch64-linux-gnu/]
  ignore line: [LIBRARY_PATH=/usr/lib/gcc/aarch64-linux-gnu/12/:/usr/lib/gcc/aarch64-linux-gnu/12/../../../aarch64-linux-gnu/:/usr/lib/gcc/aarch64-linux-gnu/12/../../../../lib/:/lib/aarch64-linux-gnu/:/lib/../lib/:/usr/lib/aarch64-linux-gnu/:/usr/lib/../lib/:/usr/lib/gcc/aarch64-linux-gnu/12/../../../:/lib/:/usr/lib/]
  ignore line: [COLLECT_GCC_OPTIONS='-v' '-o' 'CMakeFiles/cmTC_aa69a.dir/CMakeCXXCompilerABI.cpp.o' '-c' '-shared-libgcc' '-mlittle-endian' '-mabi=lp64' '-dumpdir' 'CMakeFiles/cmTC_aa69a.dir/CMakeCXXCompilerABI.cpp.']
  ignore line: [Linking CXX executable cmTC_aa69a]
  ignore line: [/usr/bin/cmake -E cmake_link_script CMakeFiles/cmTC_aa69a.dir/link.txt --verbose=1]
  ignore line: [/usr/bin/c++  -v -rdynamic CMakeFiles/cmTC_aa69a.dir/CMakeCXXCompilerABI.cpp.o -o cmTC_aa69a ]
  ignore line: [Using built-in specs.]
  ignore line: [COLLECT_GCC=/usr/bin/c++]
  ignore line: [COLLECT_LTO_WRAPPER=/usr/lib/gcc/aarch64-linux-gnu/12/lto-wrapper]
  ignore line: [Target: aarch64-linux-gnu]
  ignore line: [Configured with: ../src/configure -v --with-pkgversion='Debian 12.2.0-14' --with-bugurl=file:///usr/share/doc/gcc-12/README.Bugs --enable-languages=c ada c++ go d fortran objc obj-c++ m2 --prefix=/usr --with-gcc-major-version-only --program-suffix=-12 --program-prefix=aarch64-linux-gnu- --enable-shared --enable-linker-build-id --libexecdir=/usr/lib --without-included-gettext --enable-threads=posix --libdir=/usr/lib --enable-nls --enable-clocale=gnu --enable-libstdcxx-debug --enable-libstdcxx-time=yes --with-default-libstdcxx-abi=new --enable-gnu-unique-object --disable-libquadmath --disable-libquadmath-support --enable-plugin --enable-default-pie --with-system-zlib --enable-libphobos-checking=release --with-target-system-zlib=auto --enable-objc-gc=auto --enable-multiarch --enable-fix-cortex-a53-843419 --disable-werror --enable-checking=release --build=aarch64-linux-gnu --host=aarch64-linux-gnu --target=aarch64-linux-gnu]
  ignore line: [Thread model: posix]
  ignore line: [Supported LTO compression algorithms: zlib zstd]
  ignore line: [gcc version 12.2.0 (Debian 12.2.0-14) ]
  ignore line: [COMPILER_PATH=/usr/lib/gcc/aarch64-linux-gnu/12/:/usr/lib/gcc/aarch64-linux-gnu/12/:/usr/lib/gcc/aarch64-linux-gnu/:/usr/lib/gcc/aarch64-linux-gnu/12/:/usr/lib/gcc/aarch64-linux-gnu/]
  ignore line: [LIBRARY_PATH=/usr/lib/gcc/aarch64-linux-gnu/12/:/usr/lib/gcc/aarch64-linux-gnu/12/../../../aarch64-linux-gnu/:/usr/lib/gcc/aarch64-linux-gnu/12/../../../../lib/:/lib/aarch64-linux-gnu/:/lib/../lib/:/usr/lib/aarch64-linux-gnu/:/usr/lib/../lib/:/usr/lib/gcc/aarch64-linux-gnu/12/../../../:/lib/:/usr/lib/]
  ignore line: [COLLECT_GCC_OPTIONS='-v' '-rdynamic' '-o' 'cmTC_aa69a' '-shared-libgcc' '-mlittle-endian' '-mabi=lp64' '-dumpdir' 'cmTC_aa69a.']
  link line: [ /usr/lib/gcc/aarch64-linux-gnu/12/collect2 -plugin /usr/lib/gcc/aarch64-linux-gnu/12/liblto_plugin.so -plugin-opt=/usr/lib/gcc/aarch64-linux-gnu/12/lto-wrapper -plugin-opt=-fresolution=/tmp/ccAyxQON.res -plugin-opt=-pass-through=-lgcc_s -plugin-opt=-pass-through=-lgcc -plugin-opt=-pass-through=-lc -plugin-opt=-pass-through=-lgcc_s -plugin-opt=-pass-through=-lgcc --build-id --eh-frame-hdr --hash-style=gnu --as-needed -export-dynamic -dynamic-linker /lib/ld-linux-aarch64.so.1 -X -EL -maarch64linux --fix-cortex-a53-843419 -pie -o cmTC_aa69a /usr/lib/gcc/aarch64-linux-gnu/12/../../../aarch64-linux-gnu/Scrt1.o /usr/lib/gcc/aarch64-linux-gnu/12/../../../aarch64-linux-gnu/crti.o /usr/lib/gcc/aarch64-linux-gnu/12/crtbeginS.o -L/usr/lib/gcc/aarch64-linux-gnu/12 -L/usr/lib/gcc/aarch64-linux-gnu/12/../../../aarch64-linux-gnu -L/usr/lib/gcc/aarch64-linux-gnu/12/../../../../lib -L/lib/aarch64-linux-gnu -L/lib/../lib -L/usr/lib/aarch64-linux-gnu -L/usr/lib/../lib -L/usr/lib/gcc/aarch64-linux-gnu/12/../../.. CMakeFiles/cmTC_aa69a.dir/CMakeCXXCompilerABI.cpp.o -lstdc++ -lm -lgcc_s -lgcc -lc -lgcc_s -lgcc /usr/lib/gcc/aarch64-linux-gnu/12/crtendS.o /usr/lib/gcc/aarch64-linux-gnu/12/../../../aarch64-linux-gnu/crtn.o]
    arg [/usr/lib/gcc/aarch64-linux-gnu/12/collect2] ==> ignore
    arg [-plugin] ==> ignore
    arg [/usr/lib/gcc/aarch64-linux-gnu/12/liblto_plugin.so] ==> ignore
    arg [-plugin-opt=/usr/lib/gcc/aarch64-linux-gnu/12/lto-wrapper] ==> ignore
    arg [-plugin-opt=-fresolution=/tmp/ccAyxQON.res] ==> ignore
    arg [-plugin-opt=-pass-through=-lgcc_s] ==> ignore
    arg [-plugin-opt=-pass-through=-lgcc] ==> ignore
    arg [-plugin-opt=-pass-through=-lc] ==> ignore
    arg [-plugin-opt=-pass-through=-lgcc_s] ==> ignore
    arg [-plugin-opt=-pass-through=-lgcc] ==> ignore
    arg [--build-id] ==> ignore
    arg [--eh-frame-hdr] ==> ignore
    arg [--hash-style=gnu] ==> ignore
    arg [--as-needed] ==> ignore
    arg [-export-dynamic] ==> ignore
    arg [-dynamic-linker] ==> ignore
    arg [/lib/ld-linux-aarch64.so.1] ==> ignore
    arg [-X] ==> ignore
    arg [-EL] ==> ignore
    arg [-maarch64linux] ==> ignore
    arg [--fix-cortex-a53-843419] ==> ignore
    arg [-pie] ==> ignore
    arg [-o] ==> ignore
    arg [cmTC_aa69a] ==> ignore
    arg [/usr/lib/gcc/aarch64-linux-gnu/12/../../../aarch64-linux-gnu/Scrt1.o] ==> obj [/usr/lib/gcc/aarch64-linux-gnu/12/../../../aarch64-linux-gnu/Scrt1.o]
    arg [/usr/lib/gcc/aarch64-linux-gnu/12/../../../aarch64-linux-gnu/crti.o] ==> obj [/usr/lib/gcc/aarch64-linux-gnu/12/../../../aarch64-linux-gnu/crti.o]
    arg [/usr/lib/gcc/aarch64-linux-gnu/12/crtbeginS.o] ==> obj [/usr/lib/gcc/aarch64-linux-gnu/12/crtbeginS.o]
    arg [-L/usr/lib/gcc/aarch64-linux-gnu/12] ==> dir [/usr/lib/gcc/aarch64-linux-gnu/12]
    arg [-L/usr/lib/gcc/aarch64-linux-gnu/12/../../../aarch64-linux-gnu] ==> dir [/usr/lib/gcc/aarch64-linux-gnu/12/../../../aarch64-linux-gnu]
    arg [-L/usr/lib/gcc/aarch64-linux-gnu/12/../../../../lib] ==> dir [/usr/lib/gcc/aarch64-linux-gnu/12/../../../../lib]
    arg [-L/lib/aarch64-linux-gnu] ==> dir [/lib/aarch64-linux-gnu]
    arg [-L/lib/../lib] ==> dir [/lib/../lib]
    arg [-L/usr/lib/aarch64-linux-gnu] ==> dir [/usr/lib/aarch64-linux-gnu]
    arg [-L/usr/lib/../lib] ==> dir [/usr/lib/../lib]
    arg [-L/usr/lib/gcc/aarch64-linux-gnu/12/../../..] ==> dir [/usr/lib/gcc/aarch64-linux-gnu/12/../../..]
    arg [CMakeFiles/cmTC_aa69a.dir/CMakeCXXCompilerABI.cpp.o] ==> ignore
    arg [-lstdc++] ==> lib [stdc++]
    arg [-lm] ==> lib [m]
    arg [-lgcc_s] ==> lib [gcc_s]
    arg [-lgcc] ==> lib [gcc]
    arg [-lc] ==> lib [c]
    arg [-lgcc_s] ==> lib [gcc_s]
    arg [-lgcc] ==> lib [gcc]
    arg [/usr/lib/gcc/aarch64-linux-gnu/12/crtendS.o] ==> obj [/usr/lib/gcc/aarch64-linux-gnu/12/crtendS.o]
    arg [/usr/lib/gcc/aarch64-linux-gnu/12/../../../aarch64-linux-gnu/crtn.o] ==> obj [/usr/lib/gcc/aarch64-linux-gnu/12/../../../aarch64-linux-gnu/crtn.o]
  collapse obj [/usr/lib/gcc/aarch64-linux-gnu/12/../../../aarch64-linux-gnu/Scrt1.o] ==> [/usr/lib/aarch64-linux-gnu/Scrt1.o]
  collapse obj [/usr/lib/gcc/aarch64-linux-gnu/12/../../../aarch64-linux-gnu/crti.o] ==> [/usr/lib/aarch64-linux-gnu/crti.o]
  collapse obj [/usr/lib/gcc/aarch64-linux-gnu/12/../../../aarch64-linux-gnu/crtn.o] ==> [/usr/lib/aarch64-linux-gnu/crtn.o]
  collapse library dir [/usr/lib/gcc/aarch64-linux-gnu/12] ==> [/usr/lib/gcc/aarch64-linux-gnu/12]
  collapse library dir [/usr/lib/gcc/aarch64-linux-gnu/12/../../../aarch64-linux-gnu] ==> [/usr/lib/aarch64-linux-gnu]
  collapse library dir [/usr/lib/gcc/aarch64-linux-gnu/12/../../../../lib] ==> [/usr/lib]
  collapse library dir [/lib/aarch64-linux-gnu] ==> [/lib/aarch64-linux-gnu]
  collapse library dir [/lib/../lib] ==> [/lib]
  collapse library dir [/usr/lib/aarch64-linux-gnu] ==> [/usr/lib/aarch64-linux-gnu]
  collapse library dir [/usr/lib/../lib] ==> [/usr/lib]
  collapse library dir [/usr/lib/gcc/aarch64-linux-gnu/12/../../..] ==> [/usr/lib]
  implicit libs: [stdc++;m;gcc_s;gcc;c;gcc_s;gcc]
  implicit objs: [/usr/lib/aarch64-linux-gnu/Scrt1.o;/usr/lib/aarch64-linux-gnu/crti.o;/usr/lib/gcc/aarch64-linux-gnu/12/crtbeginS.o;/usr/lib/gcc/aarch64-linux-gnu/12/crtendS.o;/usr/lib/aarch64-linux-gnu/crtn.o]
  implicit dirs: [/usr/lib/gcc/aarch64-linux-gnu/12;/usr/lib/aarch64-linux-gnu;/usr/lib;/lib/aarch64-linux-gnu;/lib]
  implicit fwks: []


Determining if the function XOpenDisplay exists in the /usr/lib/aarch64-linux-gnu/libX11.so;/usr/lib/aarch64-linux-gnu/libXext.so passed with the following output:
Change Dir: /home/kali/obdgpslogger/build/CMakeFiles/CMakeScratch/TryCompile-0LK70y

Run Build Command(s):/usr/bin/gmake -f Makefile cmTC_6dffb/fast && /usr/bin/gmake  -f CMakeFiles/cmTC_6dffb.dir/build.make CMakeFiles/cmTC_6dffb.dir/build
gmake[1]: Entering directory '/home/kali/obdgpslogger/build/CMakeFiles/CMakeScratch/TryCompile-0LK70y'
Building C object CMakeFiles/cmTC_6dffb.dir/CheckFunctionExists.c.o
/usr/bin/cc   -DCHECK_FUNCTION_EXISTS=XOpenDisplay -o CMakeFiles/cmTC_6dffb.dir/CheckFunctionExists.c.o -c /home/kali/obdgpslogger/build/CMakeFiles/CMakeScratch/TryCompile-0LK70y/CheckFunctionExists.c
Linking C executable cmTC_6dffb
/usr/bin/cmake -E cmake_link_script CMakeFiles/cmTC_6dffb.dir/link.txt --verbose=1
/usr/bin/cc  -DCHECK_FUNCTION_EXISTS=XOpenDisplay -rdynamic CMakeFiles/cmTC_6dffb.dir/CheckFunctionExists.c.o -o cmTC_6dffb  /usr/lib/aarch64-linux-gnu/libX11.so /usr/lib/aarch64-linux-gnu/libXext.so 
gmake[1]: Leaving directory '/home/kali/obdgpslogger/build/CMakeFiles/CMakeScratch/TryCompile-0LK70y'



Determining if the function gethostbyname exists passed with the following output:
Change Dir: /home/kali/obdgpslogger/build/CMakeFiles/CMakeScratch/TryCompile-mvaRui

Run Build Command(s):/usr/bin/gmake -f Makefile cmTC_bc1b5/fast && /usr/bin/gmake  -f CMakeFiles/cmTC_bc1b5.dir/build.make CMakeFiles/cmTC_bc1b5.dir/build
gmake[1]: Entering directory '/home/kali/obdgpslogger/build/CMakeFiles/CMakeScratch/TryCompile-mvaRui'
Building C object CMakeFiles/cmTC_bc1b5.dir/CheckFunctionExists.c.o
/usr/bin/cc   -DCHECK_FUNCTION_EXISTS=gethostbyname -o CMakeFiles/cmTC_bc1b5.dir/CheckFunctionExists.c.o -c /home/kali/obdgpslogger/build/CMakeFiles/CMakeScratch/TryCompile-mvaRui/CheckFunctionExists.c
Linking C executable cmTC_bc1b5
/usr/bin/cmake -E cmake_link_script CMakeFiles/cmTC_bc1b5.dir/link.txt --verbose=1
/usr/bin/cc  -DCHECK_FUNCTION_EXISTS=gethostbyname -rdynamic CMakeFiles/cmTC_bc1b5.dir/CheckFunctionExists.c.o -o cmTC_bc1b5 
gmake[1]: Leaving directory '/home/kali/obdgpslogger/build/CMakeFiles/CMakeScratch/TryCompile-mvaRui'



Determining if the function connect exists passed with the following output:
Change Dir: /home/kali/obdgpslogger/build/CMakeFiles/CMakeScratch/TryCompile-IoS0Ah

Run Build Command(s):/usr/bin/gmake -f Makefile cmTC_186c8/fast && /usr/bin/gmake  -f CMakeFiles/cmTC_186c8.dir/build.make CMakeFiles/cmTC_186c8.dir/build
gmake[1]: Entering directory '/home/kali/obdgpslogger/build/CMakeFiles/CMakeScratch/TryCompile-IoS0Ah'
Building C object CMakeFiles/cmTC_186c8.dir/CheckFunctionExists.c.o
/usr/bin/cc   -DCHECK_FUNCTION_EXISTS=connect -o CMakeFiles/cmTC_186c8.dir/CheckFunctionExists.c.o -c /home/kali/obdgpslogger/build/CMakeFiles/CMakeScratch/TryCompile-IoS0Ah/CheckFunctionExists.c
Linking C executable cmTC_186c8
/usr/bin/cmake -E cmake_link_script CMakeFiles/cmTC_186c8.dir/link.txt --verbose=1
/usr/bin/cc  -DCHECK_FUNCTION_EXISTS=connect -rdynamic CMakeFiles/cmTC_186c8.dir/CheckFunctionExists.c.o -o cmTC_186c8 
gmake[1]: Leaving directory '/home/kali/obdgpslogger/build/CMakeFiles/CMakeScratch/TryCompile-IoS0Ah'



Determining if the function remove exists passed with the following output:
Change Dir: /home/kali/obdgpslogger/build/CMakeFiles/CMakeScratch/TryCompile-nF8v5A

Run Build Command(s):/usr/bin/gmake -f Makefile cmTC_f32e2/fast && /usr/bin/gmake  -f CMakeFiles/cmTC_f32e2.dir/build.make CMakeFiles/cmTC_f32e2.dir/build
gmake[1]: Entering directory '/home/kali/obdgpslogger/build/CMakeFiles/CMakeScratch/TryCompile-nF8v5A'
Building C object CMakeFiles/cmTC_f32e2.dir/CheckFunctionExists.c.o
/usr/bin/cc   -DCHECK_FUNCTION_EXISTS=remove -o CMakeFiles/cmTC_f32e2.dir/CheckFunctionExists.c.o -c /home/kali/obdgpslogger/build/CMakeFiles/CMakeScratch/TryCompile-nF8v5A/CheckFunctionExists.c
Linking C executable cmTC_f32e2
/usr/bin/cmake -E cmake_link_script CMakeFiles/cmTC_f32e2.dir/link.txt --verbose=1
/usr/bin/cc  -DCHECK_FUNCTION_EXISTS=remove -rdynamic CMakeFiles/cmTC_f32e2.dir/CheckFunctionExists.c.o -o cmTC_f32e2 
gmake[1]: Leaving directory '/home/kali/obdgpslogger/build/CMakeFiles/CMakeScratch/TryCompile-nF8v5A'



Determining if the function shmat exists passed with the following output:
Change Dir: /home/kali/obdgpslogger/build/CMakeFiles/CMakeScratch/TryCompile-UXLPFF

Run Build Command(s):/usr/bin/gmake -f Makefile cmTC_ad70f/fast && /usr/bin/gmake  -f CMakeFiles/cmTC_ad70f.dir/build.make CMakeFiles/cmTC_ad70f.dir/build
gmake[1]: Entering directory '/home/kali/obdgpslogger/build/CMakeFiles/CMakeScratch/TryCompile-UXLPFF'
Building C object CMakeFiles/cmTC_ad70f.dir/CheckFunctionExists.c.o
/usr/bin/cc   -DCHECK_FUNCTION_EXISTS=shmat -o CMakeFiles/cmTC_ad70f.dir/CheckFunctionExists.c.o -c /home/kali/obdgpslogger/build/CMakeFiles/CMakeScratch/TryCompile-UXLPFF/CheckFunctionExists.c
Linking C executable cmTC_ad70f
/usr/bin/cmake -E cmake_link_script CMakeFiles/cmTC_ad70f.dir/link.txt --verbose=1
/usr/bin/cc  -DCHECK_FUNCTION_EXISTS=shmat -rdynamic CMakeFiles/cmTC_ad70f.dir/CheckFunctionExists.c.o -o cmTC_ad70f 
gmake[1]: Leaving directory '/home/kali/obdgpslogger/build/CMakeFiles/CMakeScratch/TryCompile-UXLPFF'



Determining if the function IceConnectionNumber exists in the ICE passed with the following output:
Change Dir: /home/kali/obdgpslogger/build/CMakeFiles/CMakeScratch/TryCompile-e5rDEd

Run Build Command(s):/usr/bin/gmake -f Makefile cmTC_07f67/fast && /usr/bin/gmake  -f CMakeFiles/cmTC_07f67.dir/build.make CMakeFiles/cmTC_07f67.dir/build
gmake[1]: Entering directory '/home/kali/obdgpslogger/build/CMakeFiles/CMakeScratch/TryCompile-e5rDEd'
Building C object CMakeFiles/cmTC_07f67.dir/CheckFunctionExists.c.o
/usr/bin/cc   -DCHECK_FUNCTION_EXISTS=IceConnectionNumber -o CMakeFiles/cmTC_07f67.dir/CheckFunctionExists.c.o -c /home/kali/obdgpslogger/build/CMakeFiles/CMakeScratch/TryCompile-e5rDEd/CheckFunctionExists.c
Linking C executable cmTC_07f67
/usr/bin/cmake -E cmake_link_script CMakeFiles/cmTC_07f67.dir/link.txt --verbose=1
/usr/bin/cc  -DCHECK_FUNCTION_EXISTS=IceConnectionNumber -rdynamic CMakeFiles/cmTC_07f67.dir/CheckFunctionExists.c.o -o cmTC_07f67  -lICE 
gmake[1]: Leaving directory '/home/kali/obdgpslogger/build/CMakeFiles/CMakeScratch/TryCompile-e5rDEd'



Determining if the function gps_stream exists passed with the following output:
Change Dir: /home/kali/obdgpslogger/build/CMakeFiles/CMakeScratch/TryCompile-Dw4TbP

Run Build Command(s):/usr/bin/gmake -f Makefile cmTC_de0f8/fast && /usr/bin/gmake  -f CMakeFiles/cmTC_de0f8.dir/build.make CMakeFiles/cmTC_de0f8.dir/build
gmake[1]: Entering directory '/home/kali/obdgpslogger/build/CMakeFiles/CMakeScratch/TryCompile-Dw4TbP'
Building C object CMakeFiles/cmTC_de0f8.dir/CheckFunctionExists.c.o
/usr/bin/cc   -DCHECK_FUNCTION_EXISTS=gps_stream -o CMakeFiles/cmTC_de0f8.dir/CheckFunctionExists.c.o -c /home/kali/obdgpslogger/build/CMakeFiles/CMakeScratch/TryCompile-Dw4TbP/CheckFunctionExists.c
Linking C executable cmTC_de0f8
/usr/bin/cmake -E cmake_link_script CMakeFiles/cmTC_de0f8.dir/link.txt --verbose=1
/usr/bin/cc  -DCHECK_FUNCTION_EXISTS=gps_stream -rdynamic CMakeFiles/cmTC_de0f8.dir/CheckFunctionExists.c.o -o cmTC_de0f8  /usr/lib/aarch64-linux-gnu/libgps.so 
gmake[1]: Leaving directory '/home/kali/obdgpslogger/build/CMakeFiles/CMakeScratch/TryCompile-Dw4TbP'



Determining if the function ptsname_r exists passed with the following output:
Change Dir: /home/kali/obdgpslogger/build/CMakeFiles/CMakeScratch/TryCompile-Zn6qBN

Run Build Command(s):/usr/bin/gmake -f Makefile cmTC_1ec64/fast && /usr/bin/gmake  -f CMakeFiles/cmTC_1ec64.dir/build.make CMakeFiles/cmTC_1ec64.dir/build
gmake[1]: Entering directory '/home/kali/obdgpslogger/build/CMakeFiles/CMakeScratch/TryCompile-Zn6qBN'
Building C object CMakeFiles/cmTC_1ec64.dir/CheckFunctionExists.c.o
/usr/bin/cc   -DCHECK_FUNCTION_EXISTS=ptsname_r -o CMakeFiles/cmTC_1ec64.dir/CheckFunctionExists.c.o -c /home/kali/obdgpslogger/build/CMakeFiles/CMakeScratch/TryCompile-Zn6qBN/CheckFunctionExists.c
Linking C executable cmTC_1ec64
/usr/bin/cmake -E cmake_link_script CMakeFiles/cmTC_1ec64.dir/link.txt --verbose=1
/usr/bin/cc  -DCHECK_FUNCTION_EXISTS=ptsname_r -rdynamic CMakeFiles/cmTC_1ec64.dir/CheckFunctionExists.c.o -o cmTC_1ec64  /usr/lib/aarch64-linux-gnu/libgps.so 
gmake[1]: Leaving directory '/home/kali/obdgpslogger/build/CMakeFiles/CMakeScratch/TryCompile-Zn6qBN'



Determining if files signal.h exist passed with the following output:
Change Dir: /home/kali/obdgpslogger/build/CMakeFiles/CMakeScratch/TryCompile-46P74y

Run Build Command(s):/usr/bin/gmake -f Makefile cmTC_c269d/fast && /usr/bin/gmake  -f CMakeFiles/cmTC_c269d.dir/build.make CMakeFiles/cmTC_c269d.dir/build
gmake[1]: Entering directory '/home/kali/obdgpslogger/build/CMakeFiles/CMakeScratch/TryCompile-46P74y'
Building C object CMakeFiles/cmTC_c269d.dir/HAVE_SIGNAL_H.c.o
/usr/bin/cc    -o CMakeFiles/cmTC_c269d.dir/HAVE_SIGNAL_H.c.o -c /home/kali/obdgpslogger/build/CMakeFiles/CMakeScratch/TryCompile-46P74y/HAVE_SIGNAL_H.c
Linking C executable cmTC_c269d
/usr/bin/cmake -E cmake_link_script CMakeFiles/cmTC_c269d.dir/link.txt --verbose=1
/usr/bin/cc -rdynamic CMakeFiles/cmTC_c269d.dir/HAVE_SIGNAL_H.c.o -o cmTC_c269d 
gmake[1]: Leaving directory '/home/kali/obdgpslogger/build/CMakeFiles/CMakeScratch/TryCompile-46P74y'



Determining if the sigaction exist passed with the following output:
Change Dir: /home/kali/obdgpslogger/build/CMakeFiles/CMakeScratch/TryCompile-DMMNpG

Run Build Command(s):/usr/bin/gmake -f Makefile cmTC_87781/fast && /usr/bin/gmake  -f CMakeFiles/cmTC_87781.dir/build.make CMakeFiles/cmTC_87781.dir/build
gmake[1]: Entering directory '/home/kali/obdgpslogger/build/CMakeFiles/CMakeScratch/TryCompile-DMMNpG'
Building C object CMakeFiles/cmTC_87781.dir/CheckSymbolExists.c.o
/usr/bin/cc    -o CMakeFiles/cmTC_87781.dir/CheckSymbolExists.c.o -c /home/kali/obdgpslogger/build/CMakeFiles/CMakeScratch/TryCompile-DMMNpG/CheckSymbolExists.c
Linking C executable cmTC_87781
/usr/bin/cmake -E cmake_link_script CMakeFiles/cmTC_87781.dir/link.txt --verbose=1
/usr/bin/cc -rdynamic CMakeFiles/cmTC_87781.dir/CheckSymbolExists.c.o -o cmTC_87781  /usr/lib/aarch64-linux-gnu/libgps.so 
gmake[1]: Leaving directory '/home/kali/obdgpslogger/build/CMakeFiles/CMakeScratch/TryCompile-DMMNpG'


File CheckSymbolExists.c:
/* */
#include <signal.h>

int main(int argc, char** argv)
{
  (void)argv;
#ifndef sigaction
  return ((int*)(&sigaction))[argc];
#else
  (void)argc;
  return 0;
#endif
}
Determining if the signal exist passed with the following output:
Change Dir: /home/kali/obdgpslogger/build/CMakeFiles/CMakeScratch/TryCompile-6tmL7l

Run Build Command(s):/usr/bin/gmake -f Makefile cmTC_de578/fast && /usr/bin/gmake  -f CMakeFiles/cmTC_de578.dir/build.make CMakeFiles/cmTC_de578.dir/build
gmake[1]: Entering directory '/home/kali/obdgpslogger/build/CMakeFiles/CMakeScratch/TryCompile-6tmL7l'
Building C object CMakeFiles/cmTC_de578.dir/CheckSymbolExists.c.o
/usr/bin/cc    -o CMakeFiles/cmTC_de578.dir/CheckSymbolExists.c.o -c /home/kali/obdgpslogger/build/CMakeFiles/CMakeScratch/TryCompile-6tmL7l/CheckSymbolExists.c
Linking C executable cmTC_de578
/usr/bin/cmake -E cmake_link_script CMakeFiles/cmTC_de578.dir/link.txt --verbose=1
/usr/bin/cc -rdynamic CMakeFiles/cmTC_de578.dir/CheckSymbolExists.c.o -o cmTC_de578  /usr/lib/aarch64-linux-gnu/libgps.so 
gmake[1]: Leaving directory '/home/kali/obdgpslogger/build/CMakeFiles/CMakeScratch/TryCompile-6tmL7l'


File CheckSymbolExists.c:
/* */
#include <signal.h>

int main(int argc, char** argv)
{
  (void)argv;
#ifndef signal
  return ((int*)(&signal))[argc];
#else
  (void)argc;
  return 0;
#endif
}
Determining if the function dlopen exists passed with the following output:
Change Dir: /home/kali/obdgpslogger/build/CMakeFiles/CMakeScratch/TryCompile-VljKK6

Run Build Command(s):/usr/bin/gmake -f Makefile cmTC_7a5a9/fast && /usr/bin/gmake  -f CMakeFiles/cmTC_7a5a9.dir/build.make CMakeFiles/cmTC_7a5a9.dir/build
gmake[1]: Entering directory '/home/kali/obdgpslogger/build/CMakeFiles/CMakeScratch/TryCompile-VljKK6'
Building C object CMakeFiles/cmTC_7a5a9.dir/CheckFunctionExists.c.o
/usr/bin/cc   -DCHECK_FUNCTION_EXISTS=dlopen -o CMakeFiles/cmTC_7a5a9.dir/CheckFunctionExists.c.o -c /home/kali/obdgpslogger/build/CMakeFiles/CMakeScratch/TryCompile-VljKK6/CheckFunctionExists.c
Linking C executable cmTC_7a5a9
/usr/bin/cmake -E cmake_link_script CMakeFiles/cmTC_7a5a9.dir/link.txt --verbose=1
/usr/bin/cc  -DCHECK_FUNCTION_EXISTS=dlopen -rdynamic CMakeFiles/cmTC_7a5a9.dir/CheckFunctionExists.c.o -o cmTC_7a5a9  -ldl 
gmake[1]: Leaving directory '/home/kali/obdgpslogger/build/CMakeFiles/CMakeScratch/TryCompile-VljKK6'



Determining if files sys/socket.h exist passed with the following output:
Change Dir: /home/kali/obdgpslogger/build/CMakeFiles/CMakeScratch/TryCompile-7wt09O

Run Build Command(s):/usr/bin/gmake -f Makefile cmTC_6f13b/fast && /usr/bin/gmake  -f CMakeFiles/cmTC_6f13b.dir/build.make CMakeFiles/cmTC_6f13b.dir/build
gmake[1]: Entering directory '/home/kali/obdgpslogger/build/CMakeFiles/CMakeScratch/TryCompile-7wt09O'
Building C object CMakeFiles/cmTC_6f13b.dir/HAVE_SYS_SOCKET_H.c.o
/usr/bin/cc    -o CMakeFiles/cmTC_6f13b.dir/HAVE_SYS_SOCKET_H.c.o -c /home/kali/obdgpslogger/build/CMakeFiles/CMakeScratch/TryCompile-7wt09O/HAVE_SYS_SOCKET_H.c
Linking C executable cmTC_6f13b
/usr/bin/cmake -E cmake_link_script CMakeFiles/cmTC_6f13b.dir/link.txt --verbose=1
/usr/bin/cc -rdynamic CMakeFiles/cmTC_6f13b.dir/HAVE_SYS_SOCKET_H.c.o -o cmTC_6f13b 
gmake[1]: Leaving directory '/home/kali/obdgpslogger/build/CMakeFiles/CMakeScratch/TryCompile-7wt09O'



Determining if files netdb.h exist passed with the following output:
Change Dir: /home/kali/obdgpslogger/build/CMakeFiles/CMakeScratch/TryCompile-G2T3ov

Run Build Command(s):/usr/bin/gmake -f Makefile cmTC_e52ba/fast && /usr/bin/gmake  -f CMakeFiles/cmTC_e52ba.dir/build.make CMakeFiles/cmTC_e52ba.dir/build
gmake[1]: Entering directory '/home/kali/obdgpslogger/build/CMakeFiles/CMakeScratch/TryCompile-G2T3ov'
Building C object CMakeFiles/cmTC_e52ba.dir/HAVE_NETDB_H.c.o
/usr/bin/cc    -o CMakeFiles/cmTC_e52ba.dir/HAVE_NETDB_H.c.o -c /home/kali/obdgpslogger/build/CMakeFiles/CMakeScratch/TryCompile-G2T3ov/HAVE_NETDB_H.c
Linking C executable cmTC_e52ba
/usr/bin/cmake -E cmake_link_script CMakeFiles/cmTC_e52ba.dir/link.txt --verbose=1
/usr/bin/cc -rdynamic CMakeFiles/cmTC_e52ba.dir/HAVE_NETDB_H.c.o -o cmTC_e52ba 
gmake[1]: Leaving directory '/home/kali/obdgpslogger/build/CMakeFiles/CMakeScratch/TryCompile-G2T3ov'



Determining if the getaddrinfo exist passed with the following output:
Change Dir: /home/kali/obdgpslogger/build/CMakeFiles/CMakeScratch/TryCompile-N4LiQ6

Run Build Command(s):/usr/bin/gmake -f Makefile cmTC_095cf/fast && /usr/bin/gmake  -f CMakeFiles/cmTC_095cf.dir/build.make CMakeFiles/cmTC_095cf.dir/build
gmake[1]: Entering directory '/home/kali/obdgpslogger/build/CMakeFiles/CMakeScratch/TryCompile-N4LiQ6'
Building C object CMakeFiles/cmTC_095cf.dir/CheckSymbolExists.c.o
/usr/bin/cc    -o CMakeFiles/cmTC_095cf.dir/CheckSymbolExists.c.o -c /home/kali/obdgpslogger/build/CMakeFiles/CMakeScratch/TryCompile-N4LiQ6/CheckSymbolExists.c
Linking C executable cmTC_095cf
/usr/bin/cmake -E cmake_link_script CMakeFiles/cmTC_095cf.dir/link.txt --verbose=1
/usr/bin/cc -rdynamic CMakeFiles/cmTC_095cf.dir/CheckSymbolExists.c.o -o cmTC_095cf  -ldl 
gmake[1]: Leaving directory '/home/kali/obdgpslogger/build/CMakeFiles/CMakeScratch/TryCompile-N4LiQ6'


File CheckSymbolExists.c:
/* */
#include <netdb.h>

int main(int argc, char** argv)
{
  (void)argv;
#ifndef getaddrinfo
  return ((int*)(&getaddrinfo))[argc];
#else
  (void)argc;
  return 0;
#endif
}
Determining if the function posix_openpt exists passed with the following output:
Change Dir: /home/kali/obdgpslogger/build/CMakeFiles/CMakeScratch/TryCompile-oyODU5

Run Build Command(s):/usr/bin/gmake -f Makefile cmTC_49717/fast && /usr/bin/gmake  -f CMakeFiles/cmTC_49717.dir/build.make CMakeFiles/cmTC_49717.dir/build
gmake[1]: Entering directory '/home/kali/obdgpslogger/build/CMakeFiles/CMakeScratch/TryCompile-oyODU5'
Building C object CMakeFiles/cmTC_49717.dir/CheckFunctionExists.c.o
/usr/bin/cc   -DCHECK_FUNCTION_EXISTS=posix_openpt -o CMakeFiles/cmTC_49717.dir/CheckFunctionExists.c.o -c /home/kali/obdgpslogger/build/CMakeFiles/CMakeScratch/TryCompile-oyODU5/CheckFunctionExists.c
Linking C executable cmTC_49717
/usr/bin/cmake -E cmake_link_script CMakeFiles/cmTC_49717.dir/link.txt --verbose=1
/usr/bin/cc  -DCHECK_FUNCTION_EXISTS=posix_openpt -rdynamic CMakeFiles/cmTC_49717.dir/CheckFunctionExists.c.o -o cmTC_49717  -ldl 
gmake[1]: Leaving directory '/home/kali/obdgpslogger/build/CMakeFiles/CMakeScratch/TryCompile-oyODU5'



Determining if the function gettimeofday exists passed with the following output:
Change Dir: /home/kali/obdgpslogger/build/CMakeFiles/CMakeScratch/TryCompile-zXmDx7

Run Build Command(s):/usr/bin/gmake -f Makefile cmTC_1ecea/fast && /usr/bin/gmake  -f CMakeFiles/cmTC_1ecea.dir/build.make CMakeFiles/cmTC_1ecea.dir/build
gmake[1]: Entering directory '/home/kali/obdgpslogger/build/CMakeFiles/CMakeScratch/TryCompile-zXmDx7'
Building C object CMakeFiles/cmTC_1ecea.dir/CheckFunctionExists.c.o
/usr/bin/cc   -DCHECK_FUNCTION_EXISTS=gettimeofday -o CMakeFiles/cmTC_1ecea.dir/CheckFunctionExists.c.o -c /home/kali/obdgpslogger/build/CMakeFiles/CMakeScratch/TryCompile-zXmDx7/CheckFunctionExists.c
Linking C executable cmTC_1ecea
/usr/bin/cmake -E cmake_link_script CMakeFiles/cmTC_1ecea.dir/link.txt --verbose=1
/usr/bin/cc  -DCHECK_FUNCTION_EXISTS=gettimeofday -rdynamic CMakeFiles/cmTC_1ecea.dir/CheckFunctionExists.c.o -o cmTC_1ecea  -ldl 
gmake[1]: Leaving directory '/home/kali/obdgpslogger/build/CMakeFiles/CMakeScratch/TryCompile-zXmDx7'



Determining if the BTPROTO_RFCOMM exist passed with the following output:
Change Dir: /home/kali/obdgpslogger/build/CMakeFiles/CMakeScratch/TryCompile-IRfMeJ

Run Build Command(s):/usr/bin/gmake -f Makefile cmTC_4c474/fast && /usr/bin/gmake  -f CMakeFiles/cmTC_4c474.dir/build.make CMakeFiles/cmTC_4c474.dir/build
gmake[1]: Entering directory '/home/kali/obdgpslogger/build/CMakeFiles/CMakeScratch/TryCompile-IRfMeJ'
Building C object CMakeFiles/cmTC_4c474.dir/CheckSymbolExists.c.o
/usr/bin/cc    -o CMakeFiles/cmTC_4c474.dir/CheckSymbolExists.c.o -c /home/kali/obdgpslogger/build/CMakeFiles/CMakeScratch/TryCompile-IRfMeJ/CheckSymbolExists.c
Linking C executable cmTC_4c474
/usr/bin/cmake -E cmake_link_script CMakeFiles/cmTC_4c474.dir/link.txt --verbose=1
/usr/bin/cc -rdynamic CMakeFiles/cmTC_4c474.dir/CheckSymbolExists.c.o -o cmTC_4c474  -ldl 
gmake[1]: Leaving directory '/home/kali/obdgpslogger/build/CMakeFiles/CMakeScratch/TryCompile-IRfMeJ'


File CheckSymbolExists.c:
/* */
#include <bluetooth/bluetooth.h>

int main(int argc, char** argv)
{
  (void)argv;
#ifndef BTPROTO_RFCOMM
  return ((int*)(&BTPROTO_RFCOMM))[argc];
#else
  (void)argc;
  return 0;
#endif
}
Determining if the function socket exists passed with the following output:
Change Dir: /home/kali/obdgpslogger/build/CMakeFiles/CMakeScratch/TryCompile-hIks8M

Run Build Command(s):/usr/bin/gmake -f Makefile cmTC_ccedf/fast && /usr/bin/gmake  -f CMakeFiles/cmTC_ccedf.dir/build.make CMakeFiles/cmTC_ccedf.dir/build
gmake[1]: Entering directory '/home/kali/obdgpslogger/build/CMakeFiles/CMakeScratch/TryCompile-hIks8M'
Building C object CMakeFiles/cmTC_ccedf.dir/CheckFunctionExists.c.o
/usr/bin/cc   -DCHECK_FUNCTION_EXISTS=socket -o CMakeFiles/cmTC_ccedf.dir/CheckFunctionExists.c.o -c /home/kali/obdgpslogger/build/CMakeFiles/CMakeScratch/TryCompile-hIks8M/CheckFunctionExists.c
Linking C executable cmTC_ccedf
/usr/bin/cmake -E cmake_link_script CMakeFiles/cmTC_ccedf.dir/link.txt --verbose=1
/usr/bin/cc  -DCHECK_FUNCTION_EXISTS=socket -rdynamic CMakeFiles/cmTC_ccedf.dir/CheckFunctionExists.c.o -o cmTC_ccedf  -ldl 
gmake[1]: Leaving directory '/home/kali/obdgpslogger/build/CMakeFiles/CMakeScratch/TryCompile-hIks8M'



